
put the ~/.atari800.cfg 
with this



Atari 800 Emulator, Version 2.2.0
OS/A_ROM=/usr/share/atari800/atariosa.rom
OS/B_ROM=/usr/share/atari800/atariosb.rom
XL/XE_ROM=/usr/share/atari800/atarixl.rom
BASIC_ROM=/usr/share/atari800/ataribas.rom
5200_ROM=/usr/share/atari800/5200.rom
H1_DIR=
H2_DIR=
H3_DIR=
H4_DIR=
HD_READ_ONLY=1
PRINT_COMMAND=lpr %s
SCREEN_REFRESH_RATIO=1
MACHINE_TYPE=Atari XL/XE
RAM_SIZE=64
DEFAULT_TV_MODE=PAL
DISABLE_BASIC=1
ENABLE_SIO_PATCH=1
ENABLE_H_PATCH=1
ENABLE_P_PATCH=1
STEREO_POKEY=0
SPEAKER_SOUND=1
MIO_ROM=
BLACK_BOX_ROM=
XLD_D_ROM=
XLD_V_ROM=
PROTO80_ROM=
AF80_ROM=
AF80_CHARSET=
COLOURS_NTSC_SATURATION=0
COLOURS_NTSC_CONTRAST=0
COLOURS_NTSC_BRIGHTNESS=0
COLOURS_NTSC_GAMMA=0.3
COLOURS_NTSC_HUE=0
COLOURS_NTSC_DELAY=21
COLOURS_NTSC_EXTERNAL_PALETTE=
COLOURS_NTSC_EXTERNAL_PALETTE_LOADED=0
COLOURS_NTSC_ADJUST_EXTERNAL_PALETTE=0
COLOURS_PAL_SATURATION=0
COLOURS_PAL_CONTRAST=0
COLOURS_PAL_BRIGHTNESS=0
COLOURS_PAL_GAMMA=0.3
COLOURS_PAL_EXTERNAL_PALETTE=
COLOURS_PAL_EXTERNAL_PALETTE_LOADED=0
COLOURS_PAL_ADJUST_EXTERNAL_PALETTE=0
SCREEN_SHOW_SPEED=0
SCREEN_SHOW_IO_ACTIVITY=1
SCREEN_SHOW_IO_COUNTER=0
FILTER_NTSC_SHARPNESS=-0.5
FILTER_NTSC_RESOLUTION=-0.1
FILTER_NTSC_ARTIFACTS=0
FILTER_NTSC_FRINGING=0
FILTER_NTSC_BLEED=0
FILTER_NTSC_BURST_PHASE=0
VIDEOMODE_WINDOW_WIDTH=336
VIDEOMODE_WINDOW_HEIGHT=240
VIDEOMODE_FULLSCREEN_WIDTH=336
VIDEOMODE_FULLSCREEN_HEIGHT=240
VIDEOMODE_WINDOWED=1
VIDEOMODE_HORIZONTAL_AREA=TV
VIDEOMODE_VERTICAL_AREA=TV
VIDEOMODE_HORIZONTAL_SHIFT=0
VIDEOMODE_VERTICAL_SHIFT=0
VIDEOMODE_STRETCH=INTEGRAL
VIDEOMODE_FIT=BOTH
VIDEOMODE_IMAGE_ASPECT=SQUARE-PIXELS
VIDEOMODE_ROTATE90=0
VIDEOMODE_HOST_ASPECT_RATIO=0:0
VIDEOMODE_NTSC_FILTER=0
VIDEOMODE_80_COLUMN=1
SCANLINES_PERCENTAGE=5
INTERPOLATE_SCANLINES=1
VIDEO_VSYNC=0
VIDEO_ACCEL=0
PIXEL_FORMAT=BGR16
BILINEAR_FILTERING=0
OPENGL_PBO=1
VIDEO_BPP=0
SDL_JOY_0_ENABLED=1
SDL_JOY_0_LEFT=260
SDL_JOY_0_RIGHT=262
SDL_JOY_0_UP=264
SDL_JOY_0_DOWN=261
SDL_JOY_0_TRIGGER=305
SDL_JOY_1_ENABLED=0
SDL_JOY_1_LEFT=97
SDL_JOY_1_RIGHT=100
SDL_JOY_1_UP=119
SDL_JOY_1_DOWN=115
SDL_JOY_1_TRIGGER=306

281f20ea4320404ec820fb7ec0693b38  /usr/share/atari800/atari5200.rom
0bac0c6a50104045d902df4503a4c30b  /usr/share/atari800/ataribas.rom
eb1f32f5d9f382db1bbfb8d7f9cb343a  /usr/share/atari800/atariosa.rom
a3e8d617c95d08031fe1b20d541434b2  /usr/share/atari800/atariosb.rom
06daac977823773a3eea3422fd26a703  /usr/share/atari800/atarixl.rom
